=== PHASE 1: FLUSH ATTRIBUTION ===
rtl=HEAD 1f6004c  rows=16058
window = [T4_pred, T1_next] inclusive; flush = any q_flush in window
chip cidle is corpus ground truth; flush is pinned-RTL model state

--- ALL rows: chip cidle distribution by flush-in-window ---
  gz    flush=0: n= 8082  cidle {0: 729, 1: 7018, 3: 64, 4: 61, 5: 10, 6: 8, 7: 9, 8: 10, 9: 9, 10: 5, 11: 27, 12: 10, 13: 14, 14: 11, 15: 31, 16: 13, 17: 20, 18: 10, 19: 16, 20: 3, 21: 2, 22: 2}
  gz    flush=1: n=  138  cidle {1: 81, 2: 31, 3: 23, 4: 3}
  fresh flush=0: n= 7694  cidle {0: 693, 1: 6726, 3: 54, 4: 71, 5: 6, 6: 4, 7: 5, 8: 6, 9: 6, 10: 5, 11: 19, 12: 8, 13: 15, 14: 6, 15: 25, 16: 5, 17: 16, 18: 8, 19: 11, 20: 2, 21: 1, 22: 2}
  fresh flush=1: n=  144  cidle {1: 92, 2: 31, 3: 17, 4: 4}
  ALL   flush=0: n=15776  cidle {0: 1422, 1: 13744, 3: 118, 4: 132, 5: 16, 6: 12, 7: 14, 8: 16, 9: 15, 10: 10, 11: 46, 12: 18, 13: 29, 14: 17, 15: 56, 16: 18, 17: 36, 18: 18, 19: 27, 20: 5, 21: 3, 22: 4}
  ALL   flush=1: n=  282  cidle {1: 173, 2: 62, 3: 40, 4: 7}

--- DECISIVE: chip PAUSE rows (cidle>=3), split by flush ---
  gz    flush=0: n= 335  cidle {3: 64, 4: 61, 5: 10, 6: 8, 7: 9, 8: 10, 9: 9, 10: 5, 11: 27, 12: 10, 13: 14, 14: 11, 15: 31, 16: 13, 17: 20, 18: 10, 19: 16, 20: 3, 21: 2, 22: 2}
  gz    flush=1: n=  26  cidle {3: 23, 4: 3}
  fresh flush=0: n= 275  cidle {3: 54, 4: 71, 5: 6, 6: 4, 7: 5, 8: 6, 9: 6, 10: 5, 11: 19, 12: 8, 13: 15, 14: 6, 15: 25, 16: 5, 17: 16, 18: 8, 19: 11, 20: 2, 21: 1, 22: 2}
  fresh flush=1: n=  21  cidle {3: 17, 4: 4}
  ALL   flush=0: n= 610  cidle {3: 118, 4: 132, 5: 16, 6: 12, 7: 14, 8: 16, 9: 15, 10: 10, 11: 46, 12: 18, 13: 29, 14: 17, 15: 56, 16: 18, 17: 36, 18: 18, 19: 27, 20: 5, 21: 3, 22: 4}
  ALL   flush=1: n=  47  cidle {3: 40, 4: 7}

  >> NON-FLUSH chip pauses with cidle==3: 118
     by (occ, occ34_age) cell:
       occ=0 age=0: 1
       occ=2 age=0: 52
       occ=3 age=1: 11
       occ=3 age=2: 14
       occ=3 age=3: 5
       occ=3 age=4: 3
       occ=3 age=5: 2
       occ=4 age=0: 20
       occ=4 age=1: 7
       occ=5 age=0: 3
     rows:
       fresh fz90008 r4.3  i=118  occ=3 age=2 q_cnt=2 cidle=3 pred_tw=1 busfree=1 eu_req=0
       fresh fz90008 r7.7  i=134  occ=4 age=0 q_cnt=3 cidle=3 pred_tw=1 busfree=1 eu_req=0
       fresh fz90009 r4.3  i=64   occ=3 age=2 q_cnt=2 cidle=3 pred_tw=1 busfree=1 eu_req=0
       fresh fz90009 w1    i=45   occ=0 age=0 q_cnt=0 cidle=3 pred_tw=1 busfree=1 eu_req=0
       fresh fz90010 r4.3  i=109  occ=2 age=0 q_cnt=0 cidle=3 pred_tw=3 busfree=1 eu_req=0
       fresh fz90011 r4.3  i=80   occ=4 age=0 q_cnt=5 cidle=3 pred_tw=0 busfree=1 eu_req=0
       fresh fz90012 r4.3  i=47   occ=4 age=0 q_cnt=5 cidle=3 pred_tw=0 busfree=1 eu_req=0
       fresh fz90012 r7.7  i=66   occ=2 age=0 q_cnt=0 cidle=3 pred_tw=4 busfree=1 eu_req=0
       fresh fz90013 r4.3  i=57   occ=4 age=1 q_cnt=4 cidle=3 pred_tw=0 busfree=1 eu_req=0
       fresh fz90013 r4.3  i=93   occ=3 age=3 q_cnt=1 cidle=3 pred_tw=3 busfree=1 eu_req=0
       fresh fz90013 r4.3  i=115  occ=4 age=0 q_cnt=5 cidle=3 pred_tw=0 busfree=1 eu_req=0
       fresh fz90013 r7.7  i=57   occ=3 age=4 q_cnt=1 cidle=3 pred_tw=3 busfree=1 eu_req=0
       fresh fz90013 r7.7  i=76   occ=2 age=0 q_cnt=0 cidle=3 pred_tw=7 busfree=1 eu_req=0
       fresh fz90013 r7.7  i=113  occ=2 age=0 q_cnt=0 cidle=3 pred_tw=6 busfree=1 eu_req=0
       fresh fz90013 w3    i=57   occ=3 age=4 q_cnt=1 cidle=3 pred_tw=3 busfree=1 eu_req=0
       fresh fz90013 w3    i=92   occ=3 age=3 q_cnt=1 cidle=3 pred_tw=3 busfree=1 eu_req=0
       fresh fz90014 r4.3  i=50   occ=4 age=1 q_cnt=4 cidle=3 pred_tw=0 busfree=1 eu_req=0
       fresh fz90014 r4.3  i=59   occ=3 age=3 q_cnt=2 cidle=3 pred_tw=3 busfree=1 eu_req=0
       fresh fz90014 r7.7  i=58   occ=4 age=0 q_cnt=5 cidle=3 pred_tw=0 busfree=1 eu_req=0
       fresh fz90015 r4.3  i=67   occ=3 age=1 q_cnt=2 cidle=3 pred_tw=2 busfree=1 eu_req=0
       fresh fz90015 r7.7  i=66   occ=2 age=0 q_cnt=0 cidle=3 pred_tw=4 busfree=1 eu_req=0
       fresh fz90015 w2    i=66   occ=3 age=1 q_cnt=2 cidle=3 pred_tw=2 busfree=1 eu_req=0
       fresh fz90015 w3    i=66   occ=2 age=0 q_cnt=1 cidle=3 pred_tw=3 busfree=1 eu_req=0
       fresh fz90016 r4.3  i=47   occ=5 age=0 q_cnt=5 cidle=3 pred_tw=0 busfree=1 eu_req=0
       fresh fz90017 r4.3  i=50   occ=4 age=0 q_cnt=5 cidle=3 pred_tw=0 busfree=1 eu_req=0
       fresh fz90017 r4.3  i=75   occ=3 age=1 q_cnt=4 cidle=3 pred_tw=0 busfree=1 eu_req=0
       fresh fz90017 r4.3  i=92   occ=2 age=0 q_cnt=1 cidle=3 pred_tw=3 busfree=1 eu_req=0
       fresh fz90017 r7.7  i=128  occ=3 age=2 q_cnt=1 cidle=3 pred_tw=2 busfree=1 eu_req=0
       fresh fz90017 w2    i=92   occ=3 age=2 q_cnt=1 cidle=3 pred_tw=2 busfree=1 eu_req=0
       fresh fz90017 w3    i=75   occ=3 age=4 q_cnt=1 cidle=3 pred_tw=3 busfree=1 eu_req=0
       fresh fz90017 w3    i=92   occ=2 age=0 q_cnt=1 cidle=3 pred_tw=3 busfree=1 eu_req=0
       fresh fz91006 r4.3  i=60   occ=2 age=0 q_cnt=1 cidle=3 pred_tw=3 busfree=1 eu_req=0
       fresh fz91006 r4.3  i=74   occ=3 age=1 q_cnt=4 cidle=3 pred_tw=0 busfree=1 eu_req=0
       fresh fz91006 r7.7  i=60   occ=2 age=0 q_cnt=0 cidle=3 pred_tw=4 busfree=1 eu_req=0
       fresh fz91006 w2    i=60   occ=2 age=0 q_cnt=0 cidle=3 pred_tw=2 busfree=1 eu_req=0
       fresh fz91007 r4.3  i=81   occ=3 age=2 q_cnt=1 cidle=3 pred_tw=1 busfree=1 eu_req=0
       fresh fz91008 r7.7  i=53   occ=4 age=1 q_cnt=4 cidle=3 pred_tw=0 busfree=1 eu_req=0
       fresh fz91008 r7.7  i=163  occ=2 age=0 q_cnt=0 cidle=3 pred_tw=5 busfree=1 eu_req=0
       fresh fz91008 w3    i=163  occ=3 age=2 q_cnt=2 cidle=3 pred_tw=3 busfree=1 eu_req=0
       fresh fz91009 r4.3  i=61   occ=4 age=0 q_cnt=5 cidle=3 pred_tw=0 busfree=1 eu_req=0

--- PER-CELL: (occ, occ34_age) x flush -> chip cidle distribution ---
    (low+mid band = occupied <= 4; 'GO' = cidle<=1, pause = cidle>=3)
    occ age fl      n  cidle-distribution
      0   0  0    411  {1: 410, 3: 1}
      0   0  1    154  {1: 154}
      1   0  0    132  {0: 4, 1: 128}
      2   0  0  12655  {0: 5, 1: 12598, 3: 52}
      2   0  1     73  {1: 15, 2: 31, 3: 21, 4: 6}
      3   0  0      8  {0: 8}
      3   1  0     19  {3: 11, 4: 8}
      3   2  0     21  {3: 14, 4: 7}
      3   3  0     57  {1: 37, 3: 5, 4: 15}
      3   4  0     67  {1: 57, 3: 3, 4: 7}
      3   4  1      4  {1: 4}
      3   5  0    129  {1: 127, 3: 2}
      3   5  1     22  {2: 20, 3: 2}
      3   6  0     52  {1: 52}
      3   6  1      1  {2: 1}
      3   7  0     54  {1: 54}
      3   8  0      8  {1: 8}
      3   9  0     11  {1: 11}
      3  10  0      3  {1: 3}
      3  10  1      1  {3: 1}
      3  11  0     15  {1: 15}
      3  11  1      2  {3: 2}
      3  13  0      3  {1: 1, 4: 2}
      3  17  0     13  {1: 13}
      3  17  1      2  {3: 2}
      3  18  0      2  {1: 2}
      3  19  0      5  {1: 5}
      3  20  0      3  {1: 3}
      3  20  1      2  {2: 2}
      3  22  0      1  {1: 1}
      3  22  1      1  {2: 1}
      3  23  0      9  {1: 9}
      3  24  0      1  {1: 1}
      3  24  1      1  {3: 1}
      3  26  0      2  {1: 2}
      3  27  0      1  {1: 1}
      3  28  0      1  {1: 1}
      3  29  0      2  {1: 2}
      3  30  0      1  {1: 1}
      3  32  0      1  {1: 1}
      4   0  0   1198  {0: 1163, 3: 20, 4: 15}
      4   1  0     26  {3: 7, 4: 19}
      4   2  0     43  {0: 10, 4: 33}
      4   2  1      1  {4: 1}
      4   3  0     35  {0: 33, 1: 2}
      4   3  1     11  {3: 11}
      4   4  0     44  {0: 29, 1: 15}
      4   4  1      7  {2: 7}
      4   5  0     53  {1: 53}
      4   6  0     61  {0: 4, 1: 57}
      4   7  0     53  {0: 1, 1: 52}
      4   8  0      8  {1: 8}
      4   9  0      1  {1: 1}
      4  10  0      7  {1: 7}
      4  11  0      5  {1: 5}
      4  15  0      1  {1: 1}
      4  16  0      1  {0: 1}
      4  17  0      1  {0: 1}
      4  18  0      1  {0: 1}
      4  19  0      2  {0: 2}
      4  25  0      1  {0: 1}
      4  32  0      1  {0: 1}
      4  36  0      1  {0: 1}

--- ANCHOR CELLS of interest ---
  occ3/age2 flush=0: n=  21 cidle {3: 14, 4: 7}
  occ4/age3 flush=0: n=  35 cidle {0: 33, 1: 2}
  occ4/age3 flush=1: n=  11 cidle {3: 11}
  occ3/age1 flush=0: n=  19 cidle {3: 11, 4: 8}
  occ3/age3 flush=0: n=  57 cidle {1: 37, 3: 5, 4: 15}
  occ3/age4 flush=0: n=  67 cidle {1: 57, 3: 3, 4: 7}
  occ3/age4 flush=1: n=   4 cidle {1: 4}

--- NON-FLUSH pause quantum check ---
  non-flush pause cidle histogram: {3: 118, 4: 132, 5: 16, 6: 12, 7: 14, 8: 16, 9: 15, 10: 10, 11: 46, 12: 18, 13: 29, 14: 17, 15: 56, 16: 18, 17: 36, 18: 18, 19: 27, 20: 5, 21: 3, 22: 4}  n=610
  FLUSH     pause cidle histogram: {3: 40, 4: 7}  n=47

--- AMB (cidle==2) rows: cell + flush ---
  n=62  by (occ, age, flush):
    occ=2 age=0 flush=1: 31
    occ=3 age=5 flush=1: 20
    occ=3 age=6 flush=1: 1
    occ=3 age=20 flush=1: 2
    occ=3 age=22 flush=1: 1
    occ=4 age=4 flush=1: 7
