=== PHASE 2: SHADOW-FSM SWEEP (H-LV v2) ===
rtl=HEAD 1f6004c
rows: 16058 total -> NON-FLUSH 15776 fitted, 282 flush rows EXCLUDED (separate mechanism, reported only)
amb rows among non-flush: 0 (expect 0 - all amb are flush)
fit set gz-disc=4533  |  frozen tests: gz-held=3549 fresh=7694
  disc: low+mid(occ<=4) n=4370 GO=4312 PAUSE=58
  held: low+mid(occ<=4) n=3393 GO=3341 PAUSE=52
  fresh: low+mid(occ<=4) n=7467 GO=7356 PAUSE=111

sweeping 1296 variants on gz-disc ONLY...
  (20s)
  eligible (evaluable on all 4533 fitted rows): 648/1296
  ineligible variants by (anchor, read): {('lastT1', 'T3rdy'): 108, ('lastT1', 'T4'): 108, ('lastT1', 'T4+1'): 108, ('lastflush', 'T3rdy'): 108, ('lastflush', 'T4'): 108, ('lastflush', 'T4+1'): 108}

--- TOP 10 on gz-disc (low+mid, non-flush) ranked by GO/PAUSE errors, then exact-cidle ---
     errs   exact  uneval  variant
        8   12.1%       0  D=occupied<=4 period=1 anchor=reset offset=0 clear=noD read=T3rdy lag=3
        8   12.1%       0  D=occupied<=4 period=1 anchor=reset offset=0 clear=issue read=T3rdy lag=3
        8   12.1%       0  D=occupied<=4 period=1 anchor=reset offset=0 clear=both read=T3rdy lag=3
        8   12.1%       0  D=occupied<=4 period=1 anchor=lastT4 offset=0 clear=noD read=T3rdy lag=3
        8   12.1%       0  D=occupied<=4 period=1 anchor=lastT4 offset=0 clear=issue read=T3rdy lag=3
        8   12.1%       0  D=occupied<=4 period=1 anchor=lastT4 offset=0 clear=both read=T3rdy lag=3
        8    2.2%       0  D=cnt_next<=2 period=1 anchor=reset offset=0 clear=noD read=T3rdy lag=2
        8    2.2%       0  D=cnt_next<=2 period=1 anchor=reset offset=0 clear=issue read=T3rdy lag=2
        8    2.2%       0  D=cnt_next<=2 period=1 anchor=reset offset=0 clear=both read=T3rdy lag=2
        8    2.2%       0  D=cnt_next<=2 period=1 anchor=lastT4 offset=0 clear=noD read=T3rdy lag=2

>> FROZEN VARIANT (selected on gz-disc alone): D=occupied<=4 period=1 anchor=reset offset=0 clear=noD read=T3rdy lag=3
   disc: errs=8 (GO->PAUSE=7 PAUSE->GO=1) exact-cidle=7/58 uneval=0
   RUNNER-UP: D=occupied<=4 period=1 anchor=reset offset=0 clear=issue read=T3rdy lag=3  disc errs=8 exact=7/58

=== FROZEN. Scoring gz-held and fresh with NO further tuning. ===

--- disc (low+mid non-flush, n=4370, scored=4370, uneval=0) ---
    confusion:            pred GO   pred PAUSE
      chip GO             4305            7
      chip PAUSE             1           57
    GO/PAUSE errors: 8   exact-cidle on pause rows: 7/58 (12.1%)   pause-cidle beyond traj: 0
    error cells (occ,age): {(0, 0): 6, (1, 0): 1, (2, 0): 1}

--- held (low+mid non-flush, n=3393, scored=3393, uneval=0) ---
    confusion:            pred GO   pred PAUSE
      chip GO             3334            7
      chip PAUSE             4           48
    GO/PAUSE errors: 11   exact-cidle on pause rows: 4/52 (7.7%)   pause-cidle beyond traj: 0
    error cells (occ,age): {(0, 0): 6, (1, 0): 1, (2, 0): 1, (3, 4): 1, (3, 13): 2}

--- fresh (low+mid non-flush, n=7467, scored=7467, uneval=0) ---
    confusion:            pred GO   pred PAUSE
      chip GO             7343           13
      chip PAUSE             2          109
    GO/PAUSE errors: 15   exact-cidle on pause rows: 9/111 (8.1%)   pause-cidle beyond traj: 0
    error cells (occ,age): {(0, 0): 13, (2, 0): 1, (3, 4): 1}

=== SHARPENED TARGET: occ3/age1-4, non-flush, per corpus ===
  disc: n=48 errs=0 exact-cidle=0/17 uneval=0
  held: n=36 errs=1 exact-cidle=0/10 uneval=0
  fresh: n=80 errs=1 exact-cidle=0/43 uneval=0

  per-cell detail (ALL corpora pooled), chip vs predicted:
    occ3/age1: (chip_cidle -> pred_cidle): {(3, 2): 11, (4, 2): 8}
    occ3/age2: (chip_cidle -> pred_cidle): {(3, 1): 14, (4, 1): 7}
    occ3/age3: (chip_cidle -> pred_cidle): {(1, 1): 37, (3, 0): 5, (4, 0): 15}
    occ3/age4: (chip_cidle -> pred_cidle): {(1, 1): 57, (3, 0): 3, (4, 0): 5, (4, 1): 2}

=== w1/w2/w3 GRADIENT (occ3, age1-4, non-flush): chip vs predicted ===
  w1: chip GO=54 PAUSE=11   pred GO=56 PAUSE=9
  w2: chip GO=18 PAUSE=14   pred GO=18 PAUSE=14
  w3: chip GO=0 PAUSE=17   pred GO=0 PAUSE=17

=== FLUSH rows (EXCLUDED from the fit; reported as a separate population) ===
  n=282 errs=49 (GO->PAUSE=3 PAUSE->GO=46) exact-cidle=0/47
  (a frozen non-flush FSM is not expected to explain these; shown for completeness only)

=== KILL CHECK: best exact-cidle ANY eligible variant achieves on the target cells (occ3/age1-2, non-flush, gz-disc ONLY) ===
  target rows on disc: 7 (chip cidle [3, 3, 3, 3, 3, 4, 4])
  best exact-cidle over all 648 eligible variants:
    7/7  D=cnt_next<=2 period=1 anchor=reset offset=0 clear=noD read=T4+1 lag=2
    7/7  D=cnt_next<=2 period=1 anchor=reset offset=0 clear=both read=T4+1 lag=2
    7/7  D=cnt_next<=2 period=1 anchor=lastT4 offset=0 clear=noD read=T4+1 lag=2
    7/7  D=cnt_next<=2 period=1 anchor=lastT4 offset=0 clear=both read=T4+1 lag=2
    5/7  D=occupied<=4 period=2 anchor=lastT4 offset=0 clear=noD read=T3rdy lag=3

  does ANY eligible variant predict a DIFFERENT cidle for chip-3 vs chip-4 rows in occ3/age1-2 (i.e. split the duration at all)?
    variants achieving a clean split: 70/648
    e.g. D=q_cnt<=2 period=2 anchor=reset offset=0 clear=noD read=T4 lag=3: chip3->{1, 4} chip4->{None}

wrote /home/wickerwaka/src/nec_test/sw/class5_phase2.json
