MEMW->CODE census rows 36 across 33 combos (34 unpaired)

JOIN: 31/36 MEMW->CODE rows matched to store-anchored model transitions

=== CONFIRMATION on UNPAIRED MEMW->CODE (n=31) ===
  ge (chip-model store->resume offset): {-2: 2, -1: 28, 2: 1}
  -> 28/31 at ge=-1 (model 1 clk late)

  (1) model store->resume cidle vs chip:
      model cidle hist: {0: 3, 3: 6, 4: 19, 5: 3}
      chip  cidle hist: {-2: 2, 2: 7, 3: 19, 4: 3}

  (2) ge=-1 independence from store-anchored state (flat => constant):
      by occ@T4+1    : occ4:{2: 1, -2: 2}  occ5:{-1: 20}  occ6:{-1: 8}
      by pop@T4+2    : pop0:{-1: 16, 2: 1, -2: 2}  pop1:{-1: 12}
      by store Tw    : store0:{-1: 12, 2: 1, -2: 2}  store1:{-1: 11}  store2:{-1: 2}  store3:{-1: 2}  store4:{-1: 1}
      by store parity: store0:{-1: 25, 2: 1, -2: 2}  store1:{-1: 3}
      by cnt_next@T3 : cnt3:{2: 1, -2: 2}  cnt5:{-1: 19}  cnt6:{-1: 9}

  (3) cross-seed-group (disc 90000-07 / held 90008-19):
      disc: n=2  ge=-1: 2 (100%)  seeds=[90007]
      held: n=29  ge=-1: 26 (90%)  seeds=[90008, 90009, 90013, 90017, 90018, 90019]

  eu_wr on these rows (sanity, all stores => 1): Counter({1: 31})

=== (4) w0-SAFETY PRE-FLIGHT ===
  w0 MEMW->CODE transitions 462; in fix-target state (occ@T4+1 in 5,6) 246
  w0 fix-target model cidle: {0: 72, 3: 102, 4: 60, 5: 12}
  VERDICT: the store-resume path IS exercised at w0 (model cidle 4 present, 60 rows) where the model already matches the chip (w0 golden 169000/169000). An UNGATED -1 fix would BREAK w0 -> NOT structurally safe. The defect is WAIT-SPECIFIC (model correct at w0, 1-late only under waits): the fix MUST be wait-gated (eval_ext-style, like the class-5 law) and its w0-neutrality VERIFIED at the golden gate, not assumed.
