=== PHASE 5b: form-free probe ===
occupied@T4+1 == corpus cnt_occupied on 16058/16058 rows

--- form-free lookup (fit FIT -> apply HOLD), tw1-3 ---
    HOLD always-4 baseline: 44/79 (56%)
      occupied     @T4+1: FIT 68/85 -> HOLD 67/79 (85%)  margin +23
      cnt_next     @T4+1: FIT 68/85 -> HOLD 67/79 (85%)  margin +23
      q_cnt        @T4+1: FIT 67/85 -> HOLD 65/79 (82%)  margin +21
      q_avl        @T4+1: FIT 67/85 -> HOLD 65/79 (82%)  margin +21
      occupied     @T4+0: FIT 67/85 -> HOLD 65/79 (82%)  margin +21
      cnt_next     @T4+0: FIT 67/85 -> HOLD 65/79 (82%)  margin +21
      q_cnt        @T4+0: FIT 64/85 -> HOLD 55/79 (70%)  margin +11
      q_avl        @T4+0: FIT 64/85 -> HOLD 55/79 (70%)  margin +11
      q_avail      @T4+1: FIT 62/85 -> HOLD 53/79 (67%)  margin +9
      eu_state     @T4+1: FIT 67/85 -> HOLD 51/79 (65%)  margin +7
      eu_state     @T4+0: FIT 65/85 -> HOLD 50/79 (63%)  margin +6
      q_avail      @T4+0: FIT 59/85 -> HOLD 47/79 (59%)  margin +3
      pop_want     @T4+1: FIT 58/85 -> HOLD 44/79 (56%)  margin +0
      pop_want     @T4+0: FIT 58/85 -> HOLD 44/79 (56%)  margin +0
      eu_rsv_lead  @T4+1: FIT 58/85 -> HOLD 44/79 (56%)  margin +0
      eu_rsv_lead  @T4+0: FIT 58/85 -> HOLD 44/79 (56%)  margin +0
      eu_dly       @T4+1: FIT 58/85 -> HOLD 44/79 (56%)  margin +0
      eu_dly       @T4+0: FIT 59/85 -> HOLD 44/79 (56%)  margin +0
      eu_consuming @T4+1: FIT 58/85 -> HOLD 44/79 (56%)  margin +0
      eu_consuming @T4+0: FIT 58/85 -> HOLD 44/79 (56%)  margin +0

--- THE LAW: cidle vs occupied@T4+1 (tw1-3) ---
    FIT(fresh):
      occupied@T4+1=0: cidle {3: 1}
      occupied@T4+1=2: cidle {3: 9}
      occupied@T4+1=3: cidle {3: 16, 4: 23}
      occupied@T4+1=4: cidle {3: 1, 4: 35}
    HOLD(gz):
      occupied@T4+1=2: cidle {3: 23}
      occupied@T4+1=3: cidle {3: 12, 4: 15}
      occupied@T4+1=4: cidle {4: 29}

--- COMPOSITE LAW, scored per split ---
    tw==0 or tw>=4 -> 3 (floor);  tw1-3: occ<=2 -> 3, occ>=3 -> 4
    FIT(fresh): all-tw 93/111 (84%) [best trivial 59/111]   tw1-3 68/85 (80%) [trivial 58/85]  margin +10
    HOLD(gz): all-tw 95/110 (86%) [best trivial 63/110]   tw1-3 67/79 (85%) [trivial 44/79]  margin +23

    NOT an RTL proposal - reported as a measurement. The occ==3 cell
    remains a coin flip and is now the sharp factorial target.
