    -5:     4 ##
    -4:     1 
    -3:    23 ###########
    -2:    15 #######
    -1:   121 ############################################################
    +0: 87636 
    +1:     1 
    +2:    12 ######
    +3:     5 ##
    +4:     1 
    +5:     4 ##

net gap_error sum = -180   |impulse| mass = 308   (net<<mass => canceling +/- impulses)

w0 control (wmax=0): 22188 intervals, 0 nonzero (MUST be 0 - instrument + w0-neutrality sanity)

nonzero impulses by (prev->cur bus, prev_tw):
   CODE->CODE     prev_tw=1: -5:4  -3:20  -1:20  +2:8  +3:4  +5:4
   CODE->CODE     prev_tw=7: -1:48
   CODE->CODE     prev_tw=6: -1:24
   CODE->MEMW     prev_tw=2: -2:13
   CODE->CODE     prev_tw=2: -4:1  -3:2  -1:8  +1:1  +4:1
   MEMW->CODE     prev_tw=1: -1:12
   CODE->CODE     prev_tw=3: -3:1  -1:9  +3:1
   CODE->IOW      prev_tw=1: +2:4
   CODE->MEMR     prev_tw=2: -2:2

nonzero impulses by model state at cur-T1-1:
   S_DEC       : 68
   S_FIRST     : 21
   S_DGAP      : 19
   S_WREQ      : 13
   S_DHI       : 12
   S_DLO       : 12
   S_REQ       : 6
   S_NOP       : 6
   S_EX        : 6
   S_WAITX     : 6
   S_AI_I16    : 5
   S_JDISP     : 4

nonzero impulses by (cur_bs, cur_parity):
   ('CODE', 0): 164
   ('CODE', 1): 4
   ('IOW', 0): 4
   ('MEMR', 0): 2
   ('MEMW', 0): 9
   ('MEMW', 1): 4

nonzero impulses by chip-vs-model Ti delta (cti-mti):
   Ti_delta -5: 4
   Ti_delta -4: 1
   Ti_delta -3: 23
   Ti_delta -2: 15
   Ti_delta -1: 121
   Ti_delta +1: 1
   Ti_delta +2: 12
   Ti_delta +3: 5
   Ti_delta +4: 1
   Ti_delta +5: 4
